<?xml version="1.0" encoding="UTF-8"?>
<robot generator="Robot 7.2 (Python 3.12.4 on win32)" generated="2025-05-11T10:46:28.515747" rpa="false" schemaversion="5">
<suite id="s1" name="Amazon Purchase Iphone" source="C:\Users\avina\PycharmProjects\Robot_automation\test\Amazon_Purchase_Iphone.robot">
<test id="s1-t1" name="Login Amazon" line="6">
<kw name="verify user is Amazon login page">
<kw name="Create Webdriver" owner="SeleniumLibrary">
<msg time="2025-05-11T10:46:29.254265" level="INFO">Creating an instance of the Chrome WebDriver.</msg>
<arg>Chrome</arg>
<doc>Creates an instance of Selenium WebDriver.</doc>
<status status="PASS" start="2025-05-11T10:46:29.254265" elapsed="7.227994"/>
</kw>
<kw name="Maximize Browser Window" owner="SeleniumLibrary">
<doc>Maximizes current browser window.</doc>
<status status="PASS" start="2025-05-11T10:46:36.482259" elapsed="0.057092"/>
</kw>
<kw name="Go To" owner="SeleniumLibrary">
<msg time="2025-05-11T10:46:36.541360" level="INFO">Opening url 'https://www.amazon.in/'</msg>
<arg>https://www.amazon.in/</arg>
<doc>Navigates the current browser window to the provided ``url``.</doc>
<status status="PASS" start="2025-05-11T10:46:36.541360" elapsed="1.327738"/>
</kw>
<status status="PASS" start="2025-05-11T10:46:29.254265" elapsed="8.614833"/>
</kw>
<kw name="verify user is able to login">
<msg time="2025-05-11T10:46:37.881202" level="FAIL">No keyword with name 'verify user is able to login' found.</msg>
<status status="FAIL" start="2025-05-11T10:46:37.881202" elapsed="0.000000">No keyword with name 'verify user is able to login' found.</status>
</kw>
<status status="FAIL" start="2025-05-11T10:46:29.254265" elapsed="8.626937">No keyword with name 'verify user is able to login' found.</status>
</test>
<test id="s1-t2" name="Buy iphone 16" line="9">
<kw name="search for Iphone 16">
<msg time="2025-05-11T10:46:37.886137" level="FAIL">No keyword with name 'search for Iphone 16' found.</msg>
<status status="FAIL" start="2025-05-11T10:46:37.886137" elapsed="0.000000">No keyword with name 'search for Iphone 16' found.</status>
</kw>
<status status="FAIL" start="2025-05-11T10:46:37.881202" elapsed="0.004935">No keyword with name 'search for Iphone 16' found.</status>
</test>
<status status="FAIL" start="2025-05-11T10:46:28.515747" elapsed="9.374297"/>
</suite>
<statistics>
<total>
<stat pass="0" fail="2" skip="0">All Tests</stat>
</total>
<tag>
</tag>
<suite>
<stat name="Amazon Purchase Iphone" id="s1" pass="0" fail="2" skip="0">Amazon Purchase Iphone</stat>
</suite>
</statistics>
<errors>
</errors>
</robot>
